T-Spice - Tanner SPICE
Version 16.01
Network license
Product Release ID: T-Spice Win64 16.01.20130407.21:15:40
Copyright © 1988-2013 Tanner EDA

	Parsing "C:\Users\Marcello\Downloads\parser\newFile.sp"
	Including "C:\Users\Marcello\Downloads\parser\ami_035u.mod"

Start of newFile.sp
Loaded BSIM3v31 model library, Berkeley BSIM3 VERSION 3.1 with extensions

	Opening simulation database "C:\Users\Marcello\Downloads\parser\newFile.tsim"
Warning : "newFile.sp" line 9 Device M1 - Source perimeter (PS) is zero
Warning : "newFile.sp" line 9 Device M1 - Drain perimeter (PD) is zero
Warning : "newFile.sp" line 10 Device M2 - Source perimeter (PS) is zero
Warning : "newFile.sp" line 10 Device M2 - Drain perimeter (PD) is zero
Warning : "newFile.sp" line 11 Device M3 - Source perimeter (PS) is zero
Warning : "newFile.sp" line 11 Device M3 - Drain perimeter (PD) is zero
Warning : "newFile.sp" line 12 Device M4 - Source perimeter (PS) is zero
Warning : "newFile.sp" line 12 Device M4 - Drain perimeter (PD) is zero
Warning : "newFile.sp" line 13 Device M5 - Source perimeter (PS) is zero
Warning : "newFile.sp" line 13 Device M5 - Drain perimeter (PD) is zero

Warning : Disabling printout of duplicate warning messages.
        : 	Use '.options maxmsg=0' to view all warnings,
        : 	or increase maxmsg from 5 to view more messages.

Warning : "newFile.sp" line 16 Node GND_ is attached to only one device (M8)

General options:
        threads = 1

 Device and node counts:
              MOSFETs -      18
    MOSFET geometries -       5
      Voltage sources -       4
          Subcircuits -       0
    Model Definitions -       2
      Computed Models -       2
    Independent nodes -      10
       Boundary nodes -       5
          Total nodes -      15
*** 12 WARNING MESSAGES GENERATED DURING SETUP


Parsing                      0.00 seconds
Setup                        0.02 seconds
DC operating point           0.01 seconds
Transient Analysis           1.13 seconds
Overhead                     0.21 seconds
-----------------------------------------
Total                        1.38 seconds

Simulation completed	with  12 Warnings